<?xml version="1.0" encoding="UTF-8"?>
<!-- Generated by org.testng.reporters.JUnitReportReporter -->
<testsuite hostname="LAPTOP-2GM08M44" failures="0" tests="1" name="com.test.simpleCRUDEoperations.UpdateUserDataTest" time="1.542" errors="0" timestamp="2022-06-11T16:51:36 EDT" skipped="0">
  <testcase classname="com.test.simpleCRUDEoperations.UpdateUserDataTest" name="TC_005_updateUserData" time="1.542"/>
  <system-out/>
</testsuite> <!-- com.test.simpleCRUDEoperations.UpdateUserDataTest -->
