<?xml version="1.0" encoding="UTF-8"?>
<!-- Generated by org.testng.reporters.JUnitReportReporter -->
<testsuite hostname="LAPTOP-2GM08M44" failures="0" tests="3" name="com.test.simpleCRUDEoperations.UpdateUserDataTest" time="27.156" errors="0" timestamp="2022-06-13T01:09:43 EDT" skipped="0">
  <testcase classname="com.test.simpleCRUDEoperations.UpdateUserDataTest" name="CreateUser" time="3.041"/>
  <system-out/>
  <testcase classname="com.test.simpleCRUDEoperations.UpdateUserDataTest" name="getUsers" time="12.016"/>
  <system-out/>
  <testcase classname="com.test.simpleCRUDEoperations.UpdateUserDataTest" name="UpdateUser" time="12.099"/>
  <system-out/>
</testsuite> <!-- com.test.simpleCRUDEoperations.UpdateUserDataTest -->
