<?xml version="1.0" encoding="UTF-8"?>
<!-- Generated by org.testng.reporters.JUnitReportReporter -->
<testsuite hostname="LAPTOP-2GM08M44" failures="0" tests="1" name="com.test.simpleCRUDEoperations.GetUserDataTest" time="5.277" errors="0" timestamp="2022-06-13T01:03:58 EDT" skipped="0">
  <testcase classname="com.test.simpleCRUDEoperations.GetUserDataTest" name="getUsers" time="5.277"/>
  <system-out/>
</testsuite> <!-- com.test.simpleCRUDEoperations.GetUserDataTest -->
