<?xml version="1.0" encoding="UTF-8"?>
<!-- Generated by org.testng.reporters.JUnitReportReporter -->
<testsuite hostname="LAPTOP-2GM08M44" failures="0" tests="3" name="com.test.simpleCRUDEoperations.DeleteUserDataTest" time="20.406" errors="0" timestamp="2022-06-13T01:14:43 EDT" skipped="0">
  <testcase classname="com.test.simpleCRUDEoperations.DeleteUserDataTest" name="CreateUser" time="0.454"/>
  <system-out/>
  <testcase classname="com.test.simpleCRUDEoperations.DeleteUserDataTest" name="getUsers" time="8.869"/>
  <system-out/>
  <testcase classname="com.test.simpleCRUDEoperations.DeleteUserDataTest" name="DeleteUser" time="11.083"/>
  <system-out/>
</testsuite> <!-- com.test.simpleCRUDEoperations.DeleteUserDataTest -->
