<?xml version="1.0" encoding="UTF-8"?>
<!-- Generated by org.testng.reporters.JUnitReportReporter -->
<testsuite hostname="LAPTOP-2GM08M44" failures="0" tests="1" name="com.test.simpleCRUDEoperations.AddUserDataTest" time="0.443" errors="0" timestamp="2022-06-13T00:49:08 EDT" skipped="0">
  <testcase classname="com.test.simpleCRUDEoperations.AddUserDataTest" name="CreateUser" time="0.443"/>
  <system-out/>
</testsuite> <!-- com.test.simpleCRUDEoperations.AddUserDataTest -->
