<?xml version="1.0" encoding="UTF-8"?>
<!-- Generated by org.testng.reporters.JUnitReportReporter -->
<testsuite hostname="LAPTOP-2GM08M44" failures="0" tests="1" name="com.test.simpleCRUDEoperations.LoginToApi" time="1.479" errors="0" timestamp="2022-06-13T00:41:07 EDT" skipped="0">
  <testcase classname="com.test.simpleCRUDEoperations.LoginToApi" name="loginToApi" time="1.479"/>
  <system-out/>
</testsuite> <!-- com.test.simpleCRUDEoperations.LoginToApi -->
