<?xml version="1.0" encoding="UTF-8"?>
<!-- Generated by org.testng.reporters.JUnitReportReporter -->
<testsuite hostname="LAPTOP-2GM08M44" failures="0" tests="5" name="com.test.tests.ApiTestScriptsEndToEnd" time="33.263" errors="0" timestamp="2022-06-11T23:52:13 EDT" skipped="0">
  <testcase classname="com.test.tests.ApiTestScriptsEndToEnd" name="loginToApi" time="0.258"/>
  <system-out/>
  <testcase classname="com.test.tests.ApiTestScriptsEndToEnd" name="CreateUser" time="0.571"/>
  <system-out/>
  <testcase classname="com.test.tests.ApiTestScriptsEndToEnd" name="getUsers" time="10.493"/>
  <system-out/>
  <testcase classname="com.test.tests.ApiTestScriptsEndToEnd" name="UpdateUser" time="15.013"/>
  <system-out/>
  <testcase classname="com.test.tests.ApiTestScriptsEndToEnd" name="DeleteUser" time="6.928"/>
  <system-out/>
</testsuite> <!-- com.test.tests.ApiTestScriptsEndToEnd -->
