<?xml version="1.0" encoding="UTF-8"?>
<!-- Generated by org.testng.reporters.JUnitReportReporter -->
<testsuite hostname="LAPTOP-2GM08M44" failures="0" tests="5" name="com.test.tests.ApiTestScriptsEndToEnd" time="38.629" errors="0" timestamp="2022-06-13T01:32:36 EDT" skipped="0">
  <testcase classname="com.test.tests.ApiTestScriptsEndToEnd" name="loginToApi" time="0.211"/>
  <system-out/>
  <testcase classname="com.test.tests.ApiTestScriptsEndToEnd" name="CreateUser" time="2.679"/>
  <system-out/>
  <testcase classname="com.test.tests.ApiTestScriptsEndToEnd" name="getUsers" time="5.898"/>
  <system-out/>
  <testcase classname="com.test.tests.ApiTestScriptsEndToEnd" name="UpdateUser" time="20.166"/>
  <system-out/>
  <testcase classname="com.test.tests.ApiTestScriptsEndToEnd" name="DeleteUser" time="9.675"/>
  <system-out/>
</testsuite> <!-- com.test.tests.ApiTestScriptsEndToEnd -->
